<?xml version="1.0" encoding="UTF-8"?>
<!-- Generated by org.testng.reporters.JUnitXMLReporter -->
<testsuite ignored="0" hostname="DESKTOP-DEDEJ6A" failures="0" tests="3" name="Tests" time="41.083" errors="0" timestamp="2025-04-26T14:54:52 IST">
  <testcase classname="com.org.cloudbees.CloudbeesHomePageTest" name="verifyHomePage" time="27.462"/>
  <testcase classname="com.org.cloudbees.GitRepoTestingTest" name="testAddNewFileToRepo" time="6.695"/>
  <testcase classname="com.org.cloudbees.GitRepoTestingTest" name="testModifyExistingFileInRepo" time="6.781"/>
</testsuite> <!-- Tests -->
