<?xml version="1.0" encoding="UTF-8"?>
<!-- Generated by org.testng.reporters.JUnitXMLReporter -->
<testsuite ignored="0" hostname="DESKTOP-DEDEJ6A" failures="0" tests="3" name="Tests" time="44.964" errors="0" timestamp="2025-04-26T15:36:28 IST">
  <testcase classname="com.org.cloudbees.CloudbeesHomePageTest" name="verifyHomePage" time="30.419"/>
  <testcase classname="com.org.cloudbees.GitRepoTestingTest" name="testAddNewFileToRepo" time="7.918"/>
  <testcase classname="com.org.cloudbees.GitRepoTestingTest" name="testModifyExistingFileInRepo" time="6.483"/>
</testsuite> <!-- Tests -->
