<?xml version="1.0" encoding="UTF-8"?>
<testsuite xmlns:xsi="http://www.w3.org/2001/XMLSchema-instance" xsi:noNamespaceSchemaLocation="https://maven.apache.org/surefire/maven-surefire-plugin/xsd/surefire-test-report-3.0.xsd" version="3.0" name="TestSuite" time="46.088" tests="3" errors="0" skipped="0" failures="0">
  <properties>
[...]
</properties>
  <testcase name="verifyHomePage" classname="com.org.cloudbees.CloudbeesHomePageTest" time="30.501">
    <system-out><![CDATA[15:35:43.338 [main] WARN  org.testng.TestNG - Ignoring duplicate listener : io.qameta.allure.testng.AllureTestNg
15:35:43.343 [main] WARN  org.testng.TestNG - Ignoring duplicate listener : io.qameta.allure.testng.AllureTestNg
15:35:43.344 [main] WARN  org.testng.TestNG - Ignoring duplicate listener : io.qameta.allure.testng.AllureTestNg
15:35:59.933 [main] INFO  c.o.cloudbees.CloudbeesHomePageTest - Step 1: Navigated to https://www.cloudbees.com/
15:36:02.368 [main] INFO  c.o.cloudbees.CloudbeesHomePageTest - Step 2: Clicked on 'Products'
15:36:07.152 [main] INFO  c.o.cloudbees.CloudbeesHomePageTest - Step 2: Clicked on 'CloudBees CD/RO' under Products
15:36:07.329 [main] INFO  c.o.cloudbees.CloudbeesHomePageTest - Step 3: Verified that Cost Savings ($2m) is visible
15:36:08.118 [main] INFO  c.o.cloudbees.CloudbeesHomePageTest - Step 4: Clicked on 'Auditors / Security'
15:36:08.200 [main] INFO  c.o.cloudbees.CloudbeesHomePageTest - Step 5: Verified that text under Release Governance is visible
15:36:09.404 [main] INFO  c.o.cloudbees.CloudbeesHomePageTest - Step 6: Clicked on 'Resources'
15:36:10.704 [main] INFO  c.o.cloudbees.CloudbeesHomePageTest - Step 6: Clicking Documentation openes a new tab
15:36:11.952 [main] INFO  c.o.cloudbees.CloudbeesHomePageTest - Step 7: Waited for the new tab to load
15:36:12.158 [main] INFO  c.o.cloudbees.CloudbeesHomePageTest - Step 8: On  Click in the text field 'Search all CloudBees Resources' new page is visible'
15:36:12.292 [main] INFO  c.o.cloudbees.CloudbeesHomePageTest - Step 9: Filled search query 'Installation'
15:36:12.324 [main] INFO  c.o.cloudbees.CloudbeesHomePageTest - Step 10: Pressed Enter to initiate search
15:36:13.513 [main] INFO  c.o.cloudbees.CloudbeesHomePageTest - Step 11: Clicked on page 2 of search results
15:36:13.586 [main] INFO  c.o.cloudbees.CloudbeesHomePageTest - Step 12: Clicked on page 3 of search results
]]></system-out>
  </testcase>
  <testcase name="testAddNewFileToRepo" classname="com.org.cloudbees.GitRepoTestingTest" time="7.924">
    <system-out><![CDATA[15:36:14.090 [main] INFO  c.org.cloudbees.GitRepoTestingTest - Cloning the repo from https://github.com/vivekblrin/CloudbeesGitRepo.git
Cloning into 'F:\19_Testing_QualityAssurance\AutomationWorkspace\CloudBeesProject\cloned-564453c8-c1bd-41df-8ee5-82f560c54509'...
15:36:15.982 [main] INFO  c.org.cloudbees.GitRepoTestingTest - Setting Git identity
15:36:16.100 [main] INFO  c.org.cloudbees.GitRepoTestingTest - Creating a new file: newfile-ded93fd2-44e1-4ba6-8b62-41419065094a.txt
15:36:16.101 [main] INFO  c.org.cloudbees.GitRepoTestingTest - Adding file to Git: newfile-ded93fd2-44e1-4ba6-8b62-41419065094a.txt
15:36:16.227 [main] INFO  c.org.cloudbees.GitRepoTestingTest - Committing file with message: Add new file via automation
[main 286825b] Add new file via automation
 1 file changed, 2 insertions(+)
 create mode 100644 newfile-ded93fd2-44e1-4ba6-8b62-41419065094a.txt
15:36:16.448 [main] INFO  c.org.cloudbees.GitRepoTestingTest - Pushing file to remote repository
To https://github.com/vivekblrin/CloudbeesGitRepo.git
   dff46e8..286825b  main -> main
15:36:21.998 [main] INFO  c.org.cloudbees.GitRepoTestingTest - Deleted cloned repository directory: F:\19_Testing_QualityAssurance\AutomationWorkspace\CloudBeesProject\cloned-564453c8-c1bd-41df-8ee5-82f560c54509
]]></system-out>
  </testcase>
  <testcase name="testModifyExistingFileInRepo" classname="com.org.cloudbees.GitRepoTestingTest" time="6.489">
    <system-out><![CDATA[15:36:22.016 [main] INFO  c.org.cloudbees.GitRepoTestingTest - Cloning the repository from https://github.com/vivekblrin/CloudbeesGitRepo.git
Cloning into 'F:\19_Testing_QualityAssurance\AutomationWorkspace\CloudBeesProject\cloned-35456910-b16a-4e1f-9434-d564e18adbd8'...
15:36:23.662 [main] INFO  c.org.cloudbees.GitRepoTestingTest - Setting Git identity
15:36:23.776 [main] INFO  c.org.cloudbees.GitRepoTestingTest - Appending content to file: README.md
15:36:23.777 [main] INFO  c.org.cloudbees.GitRepoTestingTest - Adding file to Git: README.md
15:36:23.878 [main] INFO  c.org.cloudbees.GitRepoTestingTest - Committing changes with message: Append to existing file via automation
[main 2405dae] Append to existing file via automation
 1 file changed, 2 insertions(+), 1 deletion(-)
15:36:24.098 [main] INFO  c.org.cloudbees.GitRepoTestingTest - Pushing changes to remote repository
To https://github.com/vivekblrin/CloudbeesGitRepo.git
   286825b..2405dae  main -> main
15:36:28.489 [main] INFO  c.org.cloudbees.GitRepoTestingTest - Deleted cloned repository directory: F:\19_Testing_QualityAssurance\AutomationWorkspace\CloudBeesProject\cloned-35456910-b16a-4e1f-9434-d564e18adbd8
]]></system-out>
  </testcase>
</testsuite>