<?xml version="1.0" encoding="UTF-8"?>
<testng-results ignored="0" total="1" passed="1" failed="0" skipped="0">
  <reporter-output>
  </reporter-output>
  <suite started-at="2025-04-26T14:49:33 IST" name="Default suite" finished-at="2025-04-26T14:50:23 IST" duration-ms="49747">
    <groups>
    </groups>
    <test started-at="2025-04-26T14:49:33 IST" name="Default test" finished-at="2025-04-26T14:50:23 IST" duration-ms="49747">
      <class name="com.org.cloudbees.CloudbeesHomePageTest">
        <test-method signature="verifyHomePage()[pri:0, instance:com.org.cloudbees.CloudbeesHomePageTest@1fcb4808]" started-at="2025-04-26T14:49:34 IST" name="verifyHomePage" finished-at="2025-04-26T14:50:23 IST" duration-ms="49600" status="PASS">
          <reporter-output>
          </reporter-output>
        </test-method> <!-- verifyHomePage -->
      </class> <!-- com.org.cloudbees.CloudbeesHomePageTest -->
    </test> <!-- Default test -->
  </suite> <!-- Default suite -->
</testng-results>
