<?xml version="1.0" encoding="UTF-8"?>
<!-- Generated by org.testng.reporters.JUnitXMLReporter -->
<testsuite ignored="0" hostname="DESKTOP-DEDEJ6A" failures="1" tests="3" name="Tests" time="27.143" errors="0" timestamp="2025-04-26T12:16:34 IST">
  <testcase classname="com.org.cloudbees.GitRepoTestingTest" name="testAddNewFileToRepo" time="5.623">
    <failure type="java.lang.RuntimeException" message="Command failed: git push">
      <![CDATA[java.lang.RuntimeException: Command failed: git push
at com.org.cloudbees.GitRepoTestingTest.runCommand(GitRepoTestingTest.java:37)
at com.org.cloudbees.GitRepoTestingTest.lambda$5(GitRepoTestingTest.java:84)
at io.qameta.allure.Allure.lambda$step$0(Allure.java:113)
at io.qameta.allure.Allure.lambda$step$1(Allure.java:127)
at io.qameta.allure.Allure.step(Allure.java:181)
at io.qameta.allure.Allure.step(Allure.java:125)
at io.qameta.allure.Allure.step(Allure.java:112)
at com.org.cloudbees.GitRepoTestingTest.testAddNewFileToRepo(GitRepoTestingTest.java:82)
at java.base/java.util.concurrent.ThreadPoolExecutor.runWorker(ThreadPoolExecutor.java:1130)
at java.base/java.util.concurrent.ThreadPoolExecutor$Worker.run(ThreadPoolExecutor.java:630)
at java.base/java.lang.Thread.run(Thread.java:831)
... Removed 12 stack frames]]>
    </failure>
  </testcase> <!-- testAddNewFileToRepo -->
  <testcase classname="com.org.cloudbees.GitRepoTestingTest" name="testModifyExistingFileInRepo" time="7.588"/>
  <testcase classname="com.org.cloudbees.CloudbeesHomePageTest" name="verifyHomePage" time="27.056"/>
</testsuite> <!-- Tests -->
